<?xml version="1.0" encoding="UTF-8"?>
<testsuite xmlns:xsi="http://www.w3.org/2001/XMLSchema-instance" xsi:noNamespaceSchemaLocation="https://maven.apache.org/surefire/maven-surefire-plugin/xsd/surefire-test-report.xsd" name="Runner.Runner" time="16.951" tests="1" errors="1" skipped="0" failures="0">
  <properties>
    <property name="awt.toolkit" value="sun.lwawt.macosx.LWCToolkit"/>
    <property name="java.specification.version" value="12"/>
    <property name="sun.jnu.encoding" value="UTF-8"/>
    <property name="java.class.path" value="/Users/kanybek/Desktop/GitHubProjects/cucumberjunitspecial/target/test-classes:/Users/kanybek/Desktop/GitHubProjects/cucumberjunitspecial/target/classes:/Users/kanybek/.m2/repository/org/seleniumhq/selenium/selenium-java/3.141.59/selenium-java-3.141.59.jar:/Users/kanybek/.m2/repository/org/seleniumhq/selenium/selenium-api/3.141.59/selenium-api-3.141.59.jar:/Users/kanybek/.m2/repository/org/seleniumhq/selenium/selenium-chrome-driver/3.141.59/selenium-chrome-driver-3.141.59.jar:/Users/kanybek/.m2/repository/org/seleniumhq/selenium/selenium-edge-driver/3.141.59/selenium-edge-driver-3.141.59.jar:/Users/kanybek/.m2/repository/org/seleniumhq/selenium/selenium-firefox-driver/3.141.59/selenium-firefox-driver-3.141.59.jar:/Users/kanybek/.m2/repository/org/seleniumhq/selenium/selenium-ie-driver/3.141.59/selenium-ie-driver-3.141.59.jar:/Users/kanybek/.m2/repository/org/seleniumhq/selenium/selenium-opera-driver/3.141.59/selenium-opera-driver-3.141.59.jar:/Users/kanybek/.m2/repository/org/seleniumhq/selenium/selenium-remote-driver/3.141.59/selenium-remote-driver-3.141.59.jar:/Users/kanybek/.m2/repository/org/seleniumhq/selenium/selenium-safari-driver/3.141.59/selenium-safari-driver-3.141.59.jar:/Users/kanybek/.m2/repository/org/seleniumhq/selenium/selenium-support/3.141.59/selenium-support-3.141.59.jar:/Users/kanybek/.m2/repository/net/bytebuddy/byte-buddy/1.8.15/byte-buddy-1.8.15.jar:/Users/kanybek/.m2/repository/org/apache/commons/commons-exec/1.3/commons-exec-1.3.jar:/Users/kanybek/.m2/repository/com/google/guava/guava/25.0-jre/guava-25.0-jre.jar:/Users/kanybek/.m2/repository/com/google/code/findbugs/jsr305/1.3.9/jsr305-1.3.9.jar:/Users/kanybek/.m2/repository/org/checkerframework/checker-compat-qual/2.0.0/checker-compat-qual-2.0.0.jar:/Users/kanybek/.m2/repository/com/google/errorprone/error_prone_annotations/2.1.3/error_prone_annotations-2.1.3.jar:/Users/kanybek/.m2/repository/com/google/j2objc/j2objc-annotations/1.1/j2objc-annotations-1.1.jar:/Users/kanybek/.m2/repository/org/codehaus/mojo/animal-sniffer-annotations/1.14/animal-sniffer-annotations-1.14.jar:/Users/kanybek/.m2/repository/com/squareup/okhttp3/okhttp/3.11.0/okhttp-3.11.0.jar:/Users/kanybek/.m2/repository/com/squareup/okio/okio/1.14.0/okio-1.14.0.jar:/Users/kanybek/.m2/repository/io/github/bonigarcia/webdrivermanager/3.3.0/webdrivermanager-3.3.0.jar:/Users/kanybek/.m2/repository/org/slf4j/slf4j-api/1.7.25/slf4j-api-1.7.25.jar:/Users/kanybek/.m2/repository/commons-io/commons-io/2.6/commons-io-2.6.jar:/Users/kanybek/.m2/repository/com/google/code/gson/gson/2.8.5/gson-2.8.5.jar:/Users/kanybek/.m2/repository/org/apache/commons/commons-lang3/3.8.1/commons-lang3-3.8.1.jar:/Users/kanybek/.m2/repository/org/apache/httpcomponents/httpclient/4.5.6/httpclient-4.5.6.jar:/Users/kanybek/.m2/repository/org/apache/httpcomponents/httpcore/4.4.10/httpcore-4.4.10.jar:/Users/kanybek/.m2/repository/commons-logging/commons-logging/1.2/commons-logging-1.2.jar:/Users/kanybek/.m2/repository/commons-codec/commons-codec/1.10/commons-codec-1.10.jar:/Users/kanybek/.m2/repository/org/rauschig/jarchivelib/1.0.0/jarchivelib-1.0.0.jar:/Users/kanybek/.m2/repository/org/apache/commons/commons-compress/1.18/commons-compress-1.18.jar:/Users/kanybek/.m2/repository/org/jsoup/jsoup/1.11.3/jsoup-1.11.3.jar:/Users/kanybek/.m2/repository/org/slf4j/slf4j-log4j12/1.7.16/slf4j-log4j12-1.7.16.jar:/Users/kanybek/.m2/repository/log4j/log4j/1.2.17/log4j-1.2.17.jar:/Users/kanybek/.m2/repository/io/cucumber/cucumber-junit/4.3.0/cucumber-junit-4.3.0.jar:/Users/kanybek/.m2/repository/io/cucumber/cucumber-core/4.3.0/cucumber-core-4.3.0.jar:/Users/kanybek/.m2/repository/io/cucumber/cucumber-html/0.2.7/cucumber-html-0.2.7.jar:/Users/kanybek/.m2/repository/io/cucumber/gherkin/5.1.0/gherkin-5.1.0.jar:/Users/kanybek/.m2/repository/io/cucumber/tag-expressions/1.1.1/tag-expressions-1.1.1.jar:/Users/kanybek/.m2/repository/io/cucumber/cucumber-expressions/6.2.2/cucumber-expressions-6.2.2.jar:/Users/kanybek/.m2/repository/io/cucumber/datatable/1.1.12/datatable-1.1.12.jar:/Users/kanybek/.m2/repository/io/cucumber/datatable-dependencies/1.1.12/datatable-dependencies-1.1.12.jar:/Users/kanybek/.m2/repository/junit/junit/4.12/junit-4.12.jar:/Users/kanybek/.m2/repository/org/hamcrest/hamcrest-core/1.3/hamcrest-core-1.3.jar:/Users/kanybek/.m2/repository/io/cucumber/cucumber-java/4.3.0/cucumber-java-4.3.0.jar:"/>
    <property name="java.vm.vendor" value="Oracle Corporation"/>
    <property name="sun.arch.data.model" value="64"/>
    <property name="java.vendor.url" value="https://java.oracle.com/"/>
    <property name="os.name" value="Mac OS X"/>
    <property name="java.vm.specification.version" value="12"/>
    <property name="sun.java.launcher" value="SUN_STANDARD"/>
    <property name="user.country" value="US"/>
    <property name="sun.boot.library.path" value="/Library/Java/JavaVirtualMachines/jdk-12.jdk/Contents/Home/lib"/>
    <property name="sun.java.command" value="/Users/kanybek/Desktop/GitHubProjects/cucumberjunitspecial/target/surefire/surefirebooter13230198007107736733.jar /Users/kanybek/Desktop/GitHubProjects/cucumberjunitspecial/target/surefire 2019-07-02T23-37-36_709-jvmRun1 surefire5221870163100933317tmp surefire_04028606880091726910tmp"/>
    <property name="http.nonProxyHosts" value="local|*.local|169.254/16|*.169.254/16"/>
    <property name="jdk.debug" value="release"/>
    <property name="skiptTests" value="true"/>
    <property name="surefire.test.class.path" value="/Users/kanybek/Desktop/GitHubProjects/cucumberjunitspecial/target/test-classes:/Users/kanybek/Desktop/GitHubProjects/cucumberjunitspecial/target/classes:/Users/kanybek/.m2/repository/org/seleniumhq/selenium/selenium-java/3.141.59/selenium-java-3.141.59.jar:/Users/kanybek/.m2/repository/org/seleniumhq/selenium/selenium-api/3.141.59/selenium-api-3.141.59.jar:/Users/kanybek/.m2/repository/org/seleniumhq/selenium/selenium-chrome-driver/3.141.59/selenium-chrome-driver-3.141.59.jar:/Users/kanybek/.m2/repository/org/seleniumhq/selenium/selenium-edge-driver/3.141.59/selenium-edge-driver-3.141.59.jar:/Users/kanybek/.m2/repository/org/seleniumhq/selenium/selenium-firefox-driver/3.141.59/selenium-firefox-driver-3.141.59.jar:/Users/kanybek/.m2/repository/org/seleniumhq/selenium/selenium-ie-driver/3.141.59/selenium-ie-driver-3.141.59.jar:/Users/kanybek/.m2/repository/org/seleniumhq/selenium/selenium-opera-driver/3.141.59/selenium-opera-driver-3.141.59.jar:/Users/kanybek/.m2/repository/org/seleniumhq/selenium/selenium-remote-driver/3.141.59/selenium-remote-driver-3.141.59.jar:/Users/kanybek/.m2/repository/org/seleniumhq/selenium/selenium-safari-driver/3.141.59/selenium-safari-driver-3.141.59.jar:/Users/kanybek/.m2/repository/org/seleniumhq/selenium/selenium-support/3.141.59/selenium-support-3.141.59.jar:/Users/kanybek/.m2/repository/net/bytebuddy/byte-buddy/1.8.15/byte-buddy-1.8.15.jar:/Users/kanybek/.m2/repository/org/apache/commons/commons-exec/1.3/commons-exec-1.3.jar:/Users/kanybek/.m2/repository/com/google/guava/guava/25.0-jre/guava-25.0-jre.jar:/Users/kanybek/.m2/repository/com/google/code/findbugs/jsr305/1.3.9/jsr305-1.3.9.jar:/Users/kanybek/.m2/repository/org/checkerframework/checker-compat-qual/2.0.0/checker-compat-qual-2.0.0.jar:/Users/kanybek/.m2/repository/com/google/errorprone/error_prone_annotations/2.1.3/error_prone_annotations-2.1.3.jar:/Users/kanybek/.m2/repository/com/google/j2objc/j2objc-annotations/1.1/j2objc-annotations-1.1.jar:/Users/kanybek/.m2/repository/org/codehaus/mojo/animal-sniffer-annotations/1.14/animal-sniffer-annotations-1.14.jar:/Users/kanybek/.m2/repository/com/squareup/okhttp3/okhttp/3.11.0/okhttp-3.11.0.jar:/Users/kanybek/.m2/repository/com/squareup/okio/okio/1.14.0/okio-1.14.0.jar:/Users/kanybek/.m2/repository/io/github/bonigarcia/webdrivermanager/3.3.0/webdrivermanager-3.3.0.jar:/Users/kanybek/.m2/repository/org/slf4j/slf4j-api/1.7.25/slf4j-api-1.7.25.jar:/Users/kanybek/.m2/repository/commons-io/commons-io/2.6/commons-io-2.6.jar:/Users/kanybek/.m2/repository/com/google/code/gson/gson/2.8.5/gson-2.8.5.jar:/Users/kanybek/.m2/repository/org/apache/commons/commons-lang3/3.8.1/commons-lang3-3.8.1.jar:/Users/kanybek/.m2/repository/org/apache/httpcomponents/httpclient/4.5.6/httpclient-4.5.6.jar:/Users/kanybek/.m2/repository/org/apache/httpcomponents/httpcore/4.4.10/httpcore-4.4.10.jar:/Users/kanybek/.m2/repository/commons-logging/commons-logging/1.2/commons-logging-1.2.jar:/Users/kanybek/.m2/repository/commons-codec/commons-codec/1.10/commons-codec-1.10.jar:/Users/kanybek/.m2/repository/org/rauschig/jarchivelib/1.0.0/jarchivelib-1.0.0.jar:/Users/kanybek/.m2/repository/org/apache/commons/commons-compress/1.18/commons-compress-1.18.jar:/Users/kanybek/.m2/repository/org/jsoup/jsoup/1.11.3/jsoup-1.11.3.jar:/Users/kanybek/.m2/repository/org/slf4j/slf4j-log4j12/1.7.16/slf4j-log4j12-1.7.16.jar:/Users/kanybek/.m2/repository/log4j/log4j/1.2.17/log4j-1.2.17.jar:/Users/kanybek/.m2/repository/io/cucumber/cucumber-junit/4.3.0/cucumber-junit-4.3.0.jar:/Users/kanybek/.m2/repository/io/cucumber/cucumber-core/4.3.0/cucumber-core-4.3.0.jar:/Users/kanybek/.m2/repository/io/cucumber/cucumber-html/0.2.7/cucumber-html-0.2.7.jar:/Users/kanybek/.m2/repository/io/cucumber/gherkin/5.1.0/gherkin-5.1.0.jar:/Users/kanybek/.m2/repository/io/cucumber/tag-expressions/1.1.1/tag-expressions-1.1.1.jar:/Users/kanybek/.m2/repository/io/cucumber/cucumber-expressions/6.2.2/cucumber-expressions-6.2.2.jar:/Users/kanybek/.m2/repository/io/cucumber/datatable/1.1.12/datatable-1.1.12.jar:/Users/kanybek/.m2/repository/io/cucumber/datatable-dependencies/1.1.12/datatable-dependencies-1.1.12.jar:/Users/kanybek/.m2/repository/junit/junit/4.12/junit-4.12.jar:/Users/kanybek/.m2/repository/org/hamcrest/hamcrest-core/1.3/hamcrest-core-1.3.jar:/Users/kanybek/.m2/repository/io/cucumber/cucumber-java/4.3.0/cucumber-java-4.3.0.jar:"/>
    <property name="sun.cpu.endian" value="little"/>
    <property name="user.home" value="/Users/kanybek"/>
    <property name="user.language" value="en"/>
    <property name="java.specification.vendor" value="Oracle Corporation"/>
    <property name="java.version.date" value="2019-03-19"/>
    <property name="java.home" value="/Library/Java/JavaVirtualMachines/jdk-12.jdk/Contents/Home"/>
    <property name="file.separator" value="/"/>
    <property name="basedir" value="/Users/kanybek/Desktop/GitHubProjects/cucumberjunitspecial"/>
    <property name="java.vm.compressedOopsMode" value="Zero based"/>
    <property name="line.separator" value="&#10;"/>
    <property name="java.vm.specification.vendor" value="Oracle Corporation"/>
    <property name="java.specification.name" value="Java Platform API Specification"/>
    <property name="java.awt.graphicsenv" value="sun.awt.CGraphicsEnvironment"/>
    <property name="surefire.real.class.path" value="/Users/kanybek/Desktop/GitHubProjects/cucumberjunitspecial/target/surefire/surefirebooter13230198007107736733.jar"/>
    <property name="sun.management.compiler" value="HotSpot 64-Bit Tiered Compilers"/>
    <property name="ftp.nonProxyHosts" value="local|*.local|169.254/16|*.169.254/16"/>
    <property name="java.runtime.version" value="12+33"/>
    <property name="user.name" value="kanybek"/>
    <property name="path.separator" value=":"/>
    <property name="os.version" value="10.14.5"/>
    <property name="java.runtime.name" value="Java(TM) SE Runtime Environment"/>
    <property name="file.encoding" value="UTF-8"/>
    <property name="java.vm.name" value="Java HotSpot(TM) 64-Bit Server VM"/>
    <property name="localRepository" value="/Users/kanybek/.m2/repository"/>
    <property name="java.vendor.url.bug" value="https://bugreport.java.com/bugreport/"/>
    <property name="java.io.tmpdir" value="/var/folders/35/s4_755vx4wdf2lwh6pyn15jw0000gn/T/"/>
    <property name="java.version" value="12"/>
    <property name="user.dir" value="/Users/kanybek/Desktop/GitHubProjects/cucumberjunitspecial"/>
    <property name="os.arch" value="x86_64"/>
    <property name="java.vm.specification.name" value="Java Virtual Machine Specification"/>
    <property name="java.library.path" value="/Users/kanybek/Library/Java/Extensions:/Library/Java/Extensions:/Network/Library/Java/Extensions:/System/Library/Java/Extensions:/usr/lib/java:."/>
    <property name="java.vm.info" value="mixed mode, sharing"/>
    <property name="java.vendor" value="Oracle Corporation"/>
    <property name="java.vm.version" value="12+33"/>
    <property name="sun.io.unicode.encoding" value="UnicodeBig"/>
    <property name="socksNonProxyHosts" value="local|*.local|169.254/16|*.169.254/16"/>
    <property name="java.class.version" value="56.0"/>
  </properties>
  <testcase name="Verifying that items price range is properly displayed" classname="Testing Etsy Web Application" time="16.535">
    <error message="no such element: Unable to locate element: {&quot;method&quot;:&quot;css selector&quot;,&quot;selector&quot;:&quot;#global\-enhancements\-search\-query&quot;}&#10;  (Session info: chrome=75.0.3770.100)&#10;For documentation on this error, please visit: https://www.seleniumhq.org/exceptions/no_such_element.html&#10;Build info: version: &apos;3.141.59&apos;, revision: &apos;e82be7d358&apos;, time: &apos;2018-11-14T08:17:03&apos;&#10;System info: host: &apos;Kanybeks-MacBook-Pro.local&apos;, ip: &apos;2600:1008:b16b:eb3a:59b2:d786:9469:618%en0&apos;, os.name: &apos;Mac OS X&apos;, os.arch: &apos;x86_64&apos;, os.version: &apos;10.14.5&apos;, java.version: &apos;12&apos;&#10;Driver info: org.openqa.selenium.chrome.ChromeDriver&#10;Capabilities {acceptInsecureCerts: false, browserName: chrome, browserVersion: 75.0.3770.100, chrome: {chromedriverVersion: 75.0.3770.90 (a6dcaf7e3ec6f..., userDataDir: /var/folders/35/s4_755vx4wd...}, goog:chromeOptions: {debuggerAddress: localhost:49624}, javascriptEnabled: true, networkConnectionEnabled: false, pageLoadStrategy: normal, platform: MAC, platformName: MAC, proxy: Proxy(), setWindowRect: true, strictFileInteractability: false, timeouts: {implicit: 0, pageLoad: 300000, script: 30000}, unhandledPromptBehavior: dismiss and notify}&#10;Session ID: 9fe9e70d964c5d5f034f3587a602aaec&#10;*** Element info: {Using=id, value=global-enhancements-search-query}" type="org.openqa.selenium.NoSuchElementException">org.openqa.selenium.NoSuchElementException: 
no such element: Unable to locate element: {"method":"css selector","selector":"#global\-enhancements\-search\-query"}
  (Session info: chrome=75.0.3770.100)
For documentation on this error, please visit: https://www.seleniumhq.org/exceptions/no_such_element.html
Build info: version: '3.141.59', revision: 'e82be7d358', time: '2018-11-14T08:17:03'
System info: host: 'Kanybeks-MacBook-Pro.local', ip: '2600:1008:b16b:eb3a:59b2:d786:9469:618%en0', os.name: 'Mac OS X', os.arch: 'x86_64', os.version: '10.14.5', java.version: '12'
Driver info: org.openqa.selenium.chrome.ChromeDriver
Capabilities {acceptInsecureCerts: false, browserName: chrome, browserVersion: 75.0.3770.100, chrome: {chromedriverVersion: 75.0.3770.90 (a6dcaf7e3ec6f..., userDataDir: /var/folders/35/s4_755vx4wd...}, goog:chromeOptions: {debuggerAddress: localhost:49624}, javascriptEnabled: true, networkConnectionEnabled: false, pageLoadStrategy: normal, platform: MAC, platformName: MAC, proxy: Proxy(), setWindowRect: true, strictFileInteractability: false, timeouts: {implicit: 0, pageLoad: 300000, script: 30000}, unhandledPromptBehavior: dismiss and notify}
Session ID: 9fe9e70d964c5d5f034f3587a602aaec
*** Element info: {Using=id, value=global-enhancements-search-query}
</error>
    <system-out><![CDATA[Before scenario
]]></system-out>
    <system-err><![CDATA[log4j:WARN No appenders could be found for logger (io.github.bonigarcia.wdm.Preferences).
log4j:WARN Please initialize the log4j system properly.
log4j:WARN See http://logging.apache.org/log4j/1.2/faq.html#noconfig for more info.
Starting ChromeDriver 75.0.3770.90 (a6dcaf7e3ec6f70a194cc25e8149475c6590e025-refs/branch-heads/3770@{#1003}) on port 25327
Only local connections are allowed.
Please protect ports used by ChromeDriver and related test frameworks to prevent access by malicious code.
Jul 02, 2019 11:37:39 PM org.openqa.selenium.remote.ProtocolHandshake createSession
INFO: Detected dialect: W3C
]]></system-err>
  </testcase>
</testsuite>